#
# A fatal error has been detected by the Java Runtime Environment:
#
#  EXCEPTION_ACCESS_VIOLATION (0xc0000005) at pc=0x6672a7e0, pid=4952, tid=4876
#
# JRE version: Java(TM) SE Runtime Environment (7.0_67-b01) (build 1.7.0_67-b01)
# Java VM: Java HotSpot(TM) Client VM (24.65-b04 mixed mode windows-x86 )
# Problematic frame:
# C  [jdwp.dll+0x1a7e0]
#
# Failed to write core dump. Minidumps are not enabled by default on client versions of Windows
#
# If you would like to submit a bug report, please visit:
#   http://bugreport.sun.com/bugreport/crash.jsp
# The crash happened outside the Java Virtual Machine in native code.
# See problematic frame for where to report the bug.
#

---------------  T H R E A D  ---------------

Current thread (0x17a64000):  JavaThread "JDWP Command Reader" daemon [_thread_in_native, id=4876, stack(0x17c60000,0x17cb0000)]

siginfo: ExceptionCode=0xc0000005, reading address 0x00000000

Registers:
EAX=0x00000028, EBX=0x6670326c, ECX=0x00000000, EDX=0xf425ff6b
ESP=0x17caf424, EBP=0x17caf428, ESI=0x0000000c, EDI=0x6670315c
EIP=0x6672a7e0, EFLAGS=0x00010206

Top of Stack: (sp=0x17caf424)
0x17caf424:   0000000c 17caf54c 6670107e 00000028
0x17caf434:   17caf448 6670315c 6670326c 17caf58c
0x17caf444:   000000ca 65746e49 70757272 20646574
0x17caf454:   636e7566 6e6f6974 6c616320 7527006c
0x17caf464:   7527432a 015ed648 015ed728 015ed648
0x17caf474:   00000004 00000000 01000001 00000000
0x17caf484:   00000020 01010000 17caf3c4 c0000120
0x17caf494:   17caf9e8 7771e115 0302e9ee fffffffe 

Instructions: (pc=0x6672a7e0)
0x6672a7c0:   5f 33 cd 5e e8 93 2d 00 00 c9 c3 55 8b ec 8b 45
0x6672a7d0:   08 85 c0 75 02 5d c3 8b 0d e4 57 73 66 8b 09 56
0x6672a7e0:   8b 31 57 8d 55 08 52 99 52 50 51 ff 96 b4 00 00
0x6672a7f0:   00 8b f8 85 ff 74 41 68 05 07 00 00 68 80 2f 73 


Register to memory mapping:

EAX=0x00000028 is an unknown value
EBX=0x6670326c is an unknown value
ECX=0x00000000 is an unknown value
EDX=0xf425ff6b is an unknown value
ESP=0x17caf424 is pointing into the stack for thread: 0x17a64000
EBP=0x17caf428 is pointing into the stack for thread: 0x17a64000
ESI=0x0000000c is an unknown value
EDI=0x6670315c is an unknown value


Stack: [0x17c60000,0x17cb0000],  sp=0x17caf424,  free space=317k
Native frames: (J=compiled Java code, j=interpreted, Vv=VM code, C=native code)
C  [jdwp.dll+0x1a7e0]
C  [dt_socket.dll+0x107e]
C  [dt_socket.dll+0x14f7]
C  [jdwp.dll+0x18740]
V  [jvm.dll+0x11135d]
V  [jvm.dll+0x16252c]
V  [jvm.dll+0x162f87]
V  [jvm.dll+0x1a7489]
C  [msvcr100.dll+0x5c556]
C  [msvcr100.dll+0x5c600]
C  [kernel32.dll+0x4ed6c]
C  [ntdll.dll+0x637eb]
C  [ntdll.dll+0x637be]


---------------  P R O C E S S  ---------------

Java Threads: ( => current thread )
  0x17a9a800 JavaThread "Service Thread" daemon [_thread_blocked, id=7324, stack(0x17c10000,0x17c60000)]
  0x17a98000 JavaThread "C1 CompilerThread0" daemon [_thread_blocked, id=5172, stack(0x18380000,0x183d0000)]
=>0x17a64000 JavaThread "JDWP Command Reader" daemon [_thread_in_native, id=4876, stack(0x17c60000,0x17cb0000)]
  0x17a62400 JavaThread "JDWP Event Helper Thread" daemon [_thread_blocked, id=8164, stack(0x182b0000,0x18300000)]
  0x17a58000 JavaThread "JDWP Transport Listener: dt_socket" daemon [_thread_blocked, id=2704, stack(0x18160000,0x181b0000)]
  0x17a48800 JavaThread "Attach Listener" daemon [_thread_blocked, id=4916, stack(0x17f70000,0x17fc0000)]
  0x17a19c00 JavaThread "Finalizer" daemon [_thread_blocked, id=7676, stack(0x17e50000,0x17ea0000)]
  0x17a14c00 JavaThread "Reference Handler" daemon [_thread_blocked, id=7148, stack(0x17de0000,0x17e30000)]
  0x0119c400 JavaThread "main" [_thread_blocked, id=6348, stack(0x01590000,0x015e0000)]

Other Threads:
  0x17a10400 VMThread [stack: 0x17d30000,0x17d80000] [id=5428]

VM state:at safepoint (normal execution)

VM Mutex/Monitor currently owned by a thread:  ([mutex/lock_event])
[0x0119a760] Threads_lock - owner thread: 0x17a10400

Heap
 def new generation   total 8320K, used 451K [0x03a00000, 0x04300000, 0x08f50000)
  eden space 7424K,   6% used [0x03a00000, 0x03a70fb8, 0x04140000)
  from space 896K,   0% used [0x04140000, 0x04140000, 0x04220000)
  to   space 896K,   0% used [0x04220000, 0x04220000, 0x04300000)
 tenured generation   total 18308K, used 10984K [0x08f50000, 0x0a131000, 0x13a00000)
   the space 18308K,  59% used [0x08f50000, 0x09a0a2d8, 0x09a0a400, 0x0a131000)
 compacting perm gen  total 12288K, used 11671K [0x13a00000, 0x14600000, 0x17a00000)
   the space 12288K,  94% used [0x13a00000, 0x14565eb0, 0x14566000, 0x14600000)
No shared spaces configured.

Card table byte_map: [0x03820000,0x038d0000] byte_map_base: 0x03803000

Polling page: 0x00120000

Code Cache  [0x01820000, 0x01c60000, 0x03820000)
 total_blobs=2290 nmethods=2130 adapters=104 free_code_cache=28443Kb largest_free_block=29124416

Compilation events (10 events):
Event: 13.944 Thread 0x17a98000 2154             java.util.concurrent.ConcurrentHashMap$HashIterator::nextEntry (40 bytes)
Event: 13.944 Thread 0x17a98000 nmethod 2154 0x01c582c8 code [0x01c583e0, 0x01c58538]
Event: 13.944 Thread 0x17a98000 2155             org.eclipse.sisu.inject.MildValues::values (71 bytes)
Event: 13.944 Thread 0x17a98000 nmethod 2155 0x01c58648 code [0x01c587c0, 0x01c58aa4]
Event: 13.944 Thread 0x17a98000 2156             org.eclipse.sisu.inject.RankedSequence$Content::<init> (20 bytes)
Event: 13.944 Thread 0x17a98000 nmethod 2156 0x01c58e48 code [0x01c58f40, 0x01c58fe0]
Event: 13.944 Thread 0x17a98000 2157             org.eclipse.sisu.inject.RankedSequence$Content::indexOf (34 bytes)
Event: 13.944 Thread 0x17a98000 nmethod 2157 0x01c59048 code [0x01c59160, 0x01c5927c]
Event: 13.944 Thread 0x17a98000 2158             org.eclipse.sisu.inject.MildElements::compact (21 bytes)
Event: 13.945 Thread 0x17a98000 nmethod 2158 0x01c59388 code [0x01c594b0, 0x01c59738]

GC Heap History (10 events):
Event: 13.337 GC heap before
{Heap before GC invocations=123 (full 1):
 def new generation   total 7872K, used 7286K [0x03a00000, 0x04280000, 0x08f50000)
  eden space 7040K, 100% used [0x03a00000, 0x040e0000, 0x040e0000)
  from space 832K,  29% used [0x041b0000, 0x041ed968, 0x04280000)
  to   space 832K,   0% used [0x040e0000, 0x040e0000, 0x041b0000)
 tenured generation   total 17356K, used 16953K [0x08f50000, 0x0a043000, 0x13a00000)
   the space 17356K,  97% used [0x08f50000, 0x09fde578, 0x09fde600, 0x0a043000)
 compacting perm gen  total 12288K, used 11658K [0x13a00000, 0x14600000, 0x17a00000)
   the space 12288K,  94% used [0x13a00000, 0x14562ac0, 0x14562c00, 0x14600000)
No shared spaces configured.
Event: 13.339 GC heap after
Heap after GC invocations=124 (full 1):
 def new generation   total 7872K, used 256K [0x03a00000, 0x04280000, 0x08f50000)
  eden space 7040K,   0% used [0x03a00000, 0x03a00000, 0x040e0000)
  from space 832K,  30% used [0x040e0000, 0x04120380, 0x041b0000)
  to   space 832K,   0% used [0x041b0000, 0x041b0000, 0x04280000)
 tenured generation   total 17356K, used 16953K [0x08f50000, 0x0a043000, 0x13a00000)
   the space 17356K,  97% used [0x08f50000, 0x09fde578, 0x09fde600, 0x0a043000)
 compacting perm gen  total 12288K, used 11658K [0x13a00000, 0x14600000, 0x17a00000)
   the space 12288K,  94% used [0x13a00000, 0x14562ac0, 0x14562c00, 0x14600000)
No shared spaces configured.
}
Event: 13.525 GC heap before
{Heap before GC invocations=124 (full 1):
 def new generation   total 7872K, used 7296K [0x03a00000, 0x04280000, 0x08f50000)
  eden space 7040K, 100% used [0x03a00000, 0x040e0000, 0x040e0000)
  from space 832K,  30% used [0x040e0000, 0x04120380, 0x041b0000)
  to   space 832K,   0% used [0x041b0000, 0x041b0000, 0x04280000)
 tenured generation   total 17356K, used 16953K [0x08f50000, 0x0a043000, 0x13a00000)
   the space 17356K,  97% used [0x08f50000, 0x09fde578, 0x09fde600, 0x0a043000)
 compacting perm gen  total 12288K, used 11666K [0x13a00000, 0x14600000, 0x17a00000)
   the space 12288K,  94% used [0x13a00000, 0x145648c8, 0x14564a00, 0x14600000)
No shared spaces configured.
Event: 13.527 GC heap after
Heap after GC invocations=125 (full 1):
 def new generation   total 7872K, used 314K [0x03a00000, 0x04280000, 0x08f50000)
  eden space 7040K,   0% used [0x03a00000, 0x03a00000, 0x040e0000)
  from space 832K,  37% used [0x041b0000, 0x041fe9b0, 0x04280000)
  to   space 832K,   0% used [0x040e0000, 0x040e0000, 0x041b0000)
 tenured generation   total 17356K, used 16953K [0x08f50000, 0x0a043000, 0x13a00000)
   the space 17356K,  97% used [0x08f50000, 0x09fde578, 0x09fde600, 0x0a043000)
 compacting perm gen  total 12288K, used 11666K [0x13a00000, 0x14600000, 0x17a00000)
   the space 12288K,  94% used [0x13a00000, 0x145648c8, 0x14564a00, 0x14600000)
No shared spaces configured.
}
Event: 13.661 GC heap before
{Heap before GC invocations=125 (full 1):
 def new generation   total 7872K, used 7354K [0x03a00000, 0x04280000, 0x08f50000)
  eden space 7040K, 100% used [0x03a00000, 0x040e0000, 0x040e0000)
  from space 832K,  37% used [0x041b0000, 0x041fe9b0, 0x04280000)
  to   space 832K,   0% used [0x040e0000, 0x040e0000, 0x041b0000)
 tenured generation   total 17356K, used 16953K [0x08f50000, 0x0a043000, 0x13a00000)
   the space 17356K,  97% used [0x08f50000, 0x09fde578, 0x09fde600, 0x0a043000)
 compacting perm gen  total 12288K, used 11666K [0x13a00000, 0x14600000, 0x17a00000)
   the space 12288K,  94% used [0x13a00000, 0x14564918, 0x14564a00, 0x14600000)
No shared spaces configured.
Event: 13.663 GC heap after
Heap after GC invocations=126 (full 1):
 def new generation   total 7872K, used 353K [0x03a00000, 0x04280000, 0x08f50000)
  eden space 7040K,   0% used [0x03a00000, 0x03a00000, 0x040e0000)
  from space 832K,  42% used [0x040e0000, 0x04138518, 0x041b0000)
  to   space 832K,   0% used [0x041b0000, 0x041b0000, 0x04280000)
 tenured generation   total 17356K, used 16953K [0x08f50000, 0x0a043000, 0x13a00000)
   the space 17356K,  97% used [0x08f50000, 0x09fde578, 0x09fde600, 0x0a043000)
 compacting perm gen  total 12288K, used 11666K [0x13a00000, 0x14600000, 0x17a00000)
   the space 12288K,  94% used [0x13a00000, 0x14564918, 0x14564a00, 0x14600000)
No shared spaces configured.
}
Event: 13.821 GC heap before
{Heap before GC invocations=126 (full 1):
 def new generation   total 7872K, used 7393K [0x03a00000, 0x04280000, 0x08f50000)
  eden space 7040K, 100% used [0x03a00000, 0x040e0000, 0x040e0000)
  from space 832K,  42% used [0x040e0000, 0x04138518, 0x041b0000)
  to   space 832K,   0% used [0x041b0000, 0x041b0000, 0x04280000)
 tenured generation   total 17356K, used 16953K [0x08f50000, 0x0a043000, 0x13a00000)
   the space 17356K,  97% used [0x08f50000, 0x09fde578, 0x09fde600, 0x0a043000)
 compacting perm gen  total 12288K, used 11666K [0x13a00000, 0x14600000, 0x17a00000)
   the space 12288K,  94% used [0x13a00000, 0x14564918, 0x14564a00, 0x14600000)
No shared spaces configured.
Event: 13.823 GC heap after
Heap after GC invocations=127 (full 1):
 def new generation   total 7872K, used 382K [0x03a00000, 0x04280000, 0x08f50000)
  eden space 7040K,   0% used [0x03a00000, 0x03a00000, 0x040e0000)
  from space 832K,  45% used [0x041b0000, 0x0420f8d8, 0x04280000)
  to   space 832K,   0% used [0x040e0000, 0x040e0000, 0x041b0000)
 tenured generation   total 17356K, used 16953K [0x08f50000, 0x0a043000, 0x13a00000)
   the space 17356K,  97% used [0x08f50000, 0x09fde578, 0x09fde600, 0x0a043000)
 compacting perm gen  total 12288K, used 11666K [0x13a00000, 0x14600000, 0x17a00000)
   the space 12288K,  94% used [0x13a00000, 0x14564918, 0x14564a00, 0x14600000)
No shared spaces configured.
}
Event: 13.878 GC heap before
{Heap before GC invocations=127 (full 1):
 def new generation   total 7872K, used 1133K [0x03a00000, 0x04280000, 0x08f50000)
  eden space 7040K,  10% used [0x03a00000, 0x03abbe58, 0x040e0000)
  from space 832K,  45% used [0x041b0000, 0x0420f8d8, 0x04280000)
  to   space 832K,   0% used [0x040e0000, 0x040e0000, 0x041b0000)
 tenured generation   total 17356K, used 16953K [0x08f50000, 0x0a043000, 0x13a00000)
   the space 17356K,  97% used [0x08f50000, 0x09fde578, 0x09fde600, 0x0a043000)
 compacting perm gen  total 12288K, used 11666K [0x13a00000, 0x14600000, 0x17a00000)
   the space 12288K,  94% used [0x13a00000, 0x14564938, 0x14564a00, 0x14600000)
No shared spaces configured.
Event: 13.934 GC heap after
Heap after GC invocations=128 (full 2):
 def new generation   total 8320K, used 0K [0x03a00000, 0x04300000, 0x08f50000)
  eden space 7424K,   0% used [0x03a00000, 0x03a00000, 0x04140000)
  from space 896K,   0% used [0x04140000, 0x04140000, 0x04220000)
  to   space 896K,   0% used [0x04220000, 0x04220000, 0x04300000)
 tenured generation   total 18308K, used 10984K [0x08f50000, 0x0a131000, 0x13a00000)
   the space 18308K,  59% used [0x08f50000, 0x09a0a2d8, 0x09a0a400, 0x0a131000)
 compacting perm gen  total 12288K, used 11666K [0x13a00000, 0x14600000, 0x17a00000)
   the space 12288K,  94% used [0x13a00000, 0x14564938, 0x14564a00, 0x14600000)
No shared spaces configured.
}

Deoptimization events (0 events):
No events

Internal exceptions (10 events):
Event: 13.666 Thread 0x0119c400 Threw 0x03a665c0 at C:\re\jdk7u67\1368\hotspot\src\share\vm\runtime\sharedRuntime.cpp:591
Event: 13.666 Thread 0x0119c400 Threw 0x03a7c048 at C:\re\jdk7u67\1368\hotspot\src\share\vm\runtime\sharedRuntime.cpp:591
Event: 13.667 Thread 0x0119c400 Threw 0x03a83858 at C:\re\jdk7u67\1368\hotspot\src\share\vm\runtime\sharedRuntime.cpp:591
Event: 13.791 Thread 0x0119c400 Threw 0x03d4dfe8 at C:\re\jdk7u67\1368\hotspot\src\share\vm\runtime\sharedRuntime.cpp:591
Event: 13.802 Thread 0x0119c400 Threw 0x03ea1a28 at C:\re\jdk7u67\1368\hotspot\src\share\vm\runtime\sharedRuntime.cpp:591
Event: 13.803 Thread 0x0119c400 Threw 0x03f2add0 at C:\re\jdk7u67\1368\hotspot\src\share\vm\runtime\sharedRuntime.cpp:591
Event: 13.804 Thread 0x0119c400 Threw 0x03f39fd0 at C:\re\jdk7u67\1368\hotspot\src\share\vm\runtime\sharedRuntime.cpp:591
Event: 13.804 Thread 0x0119c400 Threw 0x03f41918 at C:\re\jdk7u67\1368\hotspot\src\share\vm\runtime\sharedRuntime.cpp:591
Event: 13.940 Thread 0x0119c400 Threw 0x03a03930 at C:\re\jdk7u67\1368\hotspot\src\share\vm\prims\jvm.cpp:1244
Event: 13.940 Thread 0x0119c400 Threw 0x03a03ee8 at C:\re\jdk7u67\1368\hotspot\src\share\vm\prims\jvm.cpp:1244

Events (10 events):
Event: 13.940 Thread 0x0119c400 DEOPT PACKING pc=0x01946c9c sp=0x015de770
Event: 13.940 Thread 0x0119c400 DEOPT UNPACKING pc=0x0184dfce sp=0x015de6a0 mode 1
Event: 13.940 Thread 0x0119c400 DEOPT PACKING pc=0x01a091c4 sp=0x015de7c0
Event: 13.940 Thread 0x0119c400 DEOPT UNPACKING pc=0x0184dfce sp=0x015de660 mode 1
Event: 13.940 Thread 0x0119c400 DEOPT PACKING pc=0x01b11a58 sp=0x015de860
Event: 13.940 Thread 0x0119c400 DEOPT UNPACKING pc=0x0184dfce sp=0x015de6bc mode 1
Event: 13.954 Thread 0x18beb800 Thread added: 0x18beb800
Event: 13.955 Thread 0x17a45400 Thread exited: 0x17a45400
Event: 13.956 Thread 0x18beb800 Thread exited: 0x18beb800
Event: 13.956 Executing VM operation: Exit


Dynamic libraries:
0x002f0000 - 0x0031f000 	C:\java\jdk1.7.0_67\bin\javaw.exe
0x77700000 - 0x7783c000 	C:\Windows\SYSTEM32\ntdll.dll
0x75c00000 - 0x75cd4000 	C:\Windows\system32\kernel32.dll
0x758e0000 - 0x7592b000 	C:\Windows\system32\KERNELBASE.dll
0x75b60000 - 0x75c00000 	C:\Windows\system32\ADVAPI32.dll
0x761d0000 - 0x7627c000 	C:\Windows\system32\msvcrt.dll
0x75f20000 - 0x75f39000 	C:\Windows\SYSTEM32\sechost.dll
0x76690000 - 0x76732000 	C:\Windows\system32\RPCRT4.dll
0x77860000 - 0x77929000 	C:\Windows\system32\USER32.dll
0x75ce0000 - 0x75d2e000 	C:\Windows\system32\GDI32.dll
0x767c0000 - 0x767ca000 	C:\Windows\system32\LPK.dll
0x765f0000 - 0x7668d000 	C:\Windows\system32\USP10.dll
0x74790000 - 0x7492e000 	C:\Windows\WinSxS\x86_microsoft.windows.common-controls_6595b64144ccf1df_6.0.7601.17514_none_41e6975e2bd6f2b2\COMCTL32.dll
0x763d0000 - 0x76427000 	C:\Windows\system32\SHLWAPI.dll
0x77840000 - 0x7785f000 	C:\Windows\system32\IMM32.DLL
0x76520000 - 0x765ec000 	C:\Windows\system32\MSCTF.dll
0x641a0000 - 0x6425f000 	C:\java\jdk1.7.0_67\jre\bin\msvcr100.dll
0x62590000 - 0x62918000 	C:\java\jdk1.7.0_67\jre\bin\client\jvm.dll
0x713f0000 - 0x713f7000 	C:\Windows\system32\WSOCK32.dll
0x75f40000 - 0x75f75000 	C:\Windows\system32\WS2_32.dll
0x761c0000 - 0x761c6000 	C:\Windows\system32\NSI.dll
0x73f80000 - 0x73fb2000 	C:\Windows\system32\WINMM.dll
0x75b50000 - 0x75b55000 	C:\Windows\system32\PSAPI.DLL
0x744e0000 - 0x744ec000 	C:\java\jdk1.7.0_67\jre\bin\verify.dll
0x73d50000 - 0x73d70000 	C:\java\jdk1.7.0_67\jre\bin\java.dll
0x66710000 - 0x6673a000 	C:\java\jdk1.7.0_67\jre\bin\jdwp.dll
0x69130000 - 0x69137000 	C:\java\jdk1.7.0_67\jre\bin\npt.dll
0x64cf0000 - 0x64d10000 	C:\java\jdk1.7.0_67\jre\bin\instrument.dll
0x69e60000 - 0x69e73000 	C:\java\jdk1.7.0_67\jre\bin\zip.dll
0x66700000 - 0x66708000 	C:\java\jdk1.7.0_67\jre\bin\dt_socket.dll
0x74500000 - 0x74510000 	C:\Windows\system32\NLAapi.dll
0x70ef0000 - 0x70f00000 	C:\Windows\system32\napinsp.dll
0x75270000 - 0x752ac000 	C:\Windows\System32\mswsock.dll
0x75130000 - 0x75174000 	C:\Windows\system32\DNSAPI.dll
0x70ee0000 - 0x70ee8000 	C:\Windows\System32\winrnr.dll
0x73a30000 - 0x73a4c000 	C:\Windows\system32\IPHLPAPI.DLL
0x73a20000 - 0x73a27000 	C:\Windows\system32\WINNSI.DLL
0x73510000 - 0x73548000 	C:\Windows\System32\fwpuclnt.dll
0x70ed0000 - 0x70ed6000 	C:\Windows\system32\rasadhlp.dll
0x74d90000 - 0x74d95000 	C:\Windows\System32\wshtcpip.dll
0x69160000 - 0x69174000 	C:\java\jdk1.7.0_67\jre\bin\net.dll
0x75260000 - 0x75266000 	C:\Windows\System32\wship6.dll
0x69190000 - 0x6919f000 	C:\java\jdk1.7.0_67\jre\bin\nio.dll
0x70de0000 - 0x70ecb000 	C:\Windows\system32\dbghelp.dll

VM Arguments:
jvm_args: -agentlib:jdwp=transport=dt_socket,suspend=y,address=localhost:51486 -Dmaven.home=EMBEDDED -Dclassworlds.conf=D:\data\workspace\.metadata\.plugins\org.eclipse.m2e.launching\launches\m2conf954774671612442316.tmp -javaagent:C:\java\eclipse\plugins\com.ifedorenko.m2e.sourcelookup_1.1.0.201409041614\com.ifedorenko.m2e.sourcelookup.javaagent.jar -Dfile.encoding=UTF-8 
java_command: org.codehaus.plexus.classworlds.launcher.Launcher -B -s C:\java\eclipse\configuration\.settings\maven-settings.xml source:jar install -Dmaven.test.skip=true
Launcher Type: SUN_STANDARD

Environment Variables:
JAVA_HOME=C:\java\jdk1.7.0_67
PATH=C:/java/jdk1.7.0_67/jre/bin/client;C:/java/jdk1.7.0_67/jre/bin;C:/java/jdk1.7.0_67/jre/lib/i386;C:\java\jdk1.7.0_67;C:\java\jdk1.7.0_67\jre\bin;c:\oracle\product\11.2.0\dbhome_1\bin;C:\Windows\system32;C:\Windows;C:\Windows\System32\Wbem;C:\Windows\System32\WindowsPowerShell\v1.0\;C:\Program Files\Intel\OpenCL SDK\2.0\bin\x86;C:\Program Files\SSH Communications Security\SSH Secure Shell;C:\java\eclipse;
USERNAME=Administrator
OS=Windows_NT
PROCESSOR_IDENTIFIER=x86 Family 6 Model 42 Stepping 7, GenuineIntel



---------------  S Y S T E M  ---------------

OS: Windows 7 Build 7601 Service Pack 1

CPU:total 4 (2 cores per cpu, 2 threads per core) family 6 model 42 stepping 7, cmov, cx8, fxsr, mmx, sse, sse2, sse3, ssse3, sse4.1, sse4.2, popcnt, avx, aes, ht, tsc, tscinvbit

Memory: 4k page, physical 3581168k(817688k free), swap 7160588k(3786680k free)

vm_info: Java HotSpot(TM) Client VM (24.65-b04) for windows-x86 JRE (1.7.0_67-b01), built on Jul 25 2014 10:20:53 by "java_re" with unknown MS VC++:1600

time: Thu Apr 23 08:18:23 2015
elapsed time: 13 seconds

