#
# A fatal error has been detected by the Java Runtime Environment:
#
#  EXCEPTION_ACCESS_VIOLATION (0xc0000005) at pc=0x6479a7e0, pid=4272, tid=4632
#
# JRE version: Java(TM) SE Runtime Environment (7.0_67-b01) (build 1.7.0_67-b01)
# Java VM: Java HotSpot(TM) Client VM (24.65-b04 mixed mode windows-x86 )
# Problematic frame:
# C  [jdwp.dll+0x1a7e0]
#
# Failed to write core dump. Minidumps are not enabled by default on client versions of Windows
#
# If you would like to submit a bug report, please visit:
#   http://bugreport.sun.com/bugreport/crash.jsp
# The crash happened outside the Java Virtual Machine in native code.
# See problematic frame for where to report the bug.
#

---------------  T H R E A D  ---------------

Current thread (0x17a68c00):  JavaThread "JDWP Command Reader" daemon [_thread_in_native, id=4632, stack(0x18050000,0x180a0000)]

siginfo: ExceptionCode=0xc0000005, reading address 0x00000000

Registers:
EAX=0x00000028, EBX=0x73d7326c, ECX=0x00000000, EDX=0xf425ff6b
ESP=0x1809f964, EBP=0x1809f968, ESI=0x0000000c, EDI=0x73d7315c
EIP=0x6479a7e0, EFLAGS=0x00010206

Top of Stack: (sp=0x1809f964)
0x1809f964:   0000000c 1809fa8c 73d7107e 00000028
0x1809f974:   1809f988 73d7315c 73d7326c 1809facc
0x1809f984:   000000ca 65746e49 70757272 20646574
0x1809f994:   636e7566 6e6f6974 6c616320 7527006c
0x1809f9a4:   7527432a 0183d648 0183d728 0183d648
0x1809f9b4:   00000004 00000000 01000001 00000000
0x1809f9c4:   00000020 01010000 1809f904 c0000120
0x1809f9d4:   1809ff2c 7771e115 09389e35 fffffffe 

Instructions: (pc=0x6479a7e0)
0x6479a7c0:   5f 33 cd 5e e8 93 2d 00 00 c9 c3 55 8b ec 8b 45
0x6479a7d0:   08 85 c0 75 02 5d c3 8b 0d e4 57 7a 64 8b 09 56
0x6479a7e0:   8b 31 57 8d 55 08 52 99 52 50 51 ff 96 b4 00 00
0x6479a7f0:   00 8b f8 85 ff 74 41 68 05 07 00 00 68 80 2f 7a 


Register to memory mapping:

EAX=0x00000028 is an unknown value
EBX=0x73d7326c is an unknown value
ECX=0x00000000 is an unknown value
EDX=0xf425ff6b is an unknown value
ESP=0x1809f964 is pointing into the stack for thread: 0x17a68c00
EBP=0x1809f968 is pointing into the stack for thread: 0x17a68c00
ESI=0x0000000c is an unknown value
EDI=0x73d7315c is an unknown value


Stack: [0x18050000,0x180a0000],  sp=0x1809f964,  free space=318k
Native frames: (J=compiled Java code, j=interpreted, Vv=VM code, C=native code)
C  [jdwp.dll+0x1a7e0]
C  [dt_socket.dll+0x107e]
C  [dt_socket.dll+0x14f7]
C  [jdwp.dll+0x18740]
V  [jvm.dll+0x11135d]
V  [jvm.dll+0x16252c]
V  [jvm.dll+0x162f87]
V  [jvm.dll+0x1a7489]
C  [msvcr100.dll+0x5c556]
C  [msvcr100.dll+0x5c600]
C  [kernel32.dll+0x4ed6c]
C  [ntdll.dll+0x637eb]
C  [ntdll.dll+0x637be]


---------------  P R O C E S S  ---------------

Java Threads: ( => current thread )
  0x17a9b000 JavaThread "Service Thread" daemon [_thread_blocked, id=6636, stack(0x18400000,0x18450000)]
  0x17a98800 JavaThread "C1 CompilerThread0" daemon [_thread_blocked, id=2988, stack(0x17fb0000,0x18000000)]
=>0x17a68c00 JavaThread "JDWP Command Reader" daemon [_thread_in_native, id=4632, stack(0x18050000,0x180a0000)]
  0x17a60400 JavaThread "JDWP Event Helper Thread" daemon [_thread_blocked, id=6732, stack(0x17d40000,0x17d90000)]
  0x17a57c00 JavaThread "JDWP Transport Listener: dt_socket" daemon [_thread_blocked, id=3680, stack(0x182b0000,0x18300000)]
  0x17a48400 JavaThread "Attach Listener" daemon [_thread_blocked, id=6832, stack(0x17da0000,0x17df0000)]
  0x17a1ac00 JavaThread "Finalizer" daemon [_thread_blocked, id=7212, stack(0x17ca0000,0x17cf0000)]
  0x17a14c00 JavaThread "Reference Handler" daemon [_thread_blocked, id=6852, stack(0x03990000,0x039e0000)]
  0x0138c400 JavaThread "main" [_thread_blocked, id=5720, stack(0x01160000,0x011b0000)]

Other Threads:
  0x17a12400 VMThread [stack: 0x17c20000,0x17c70000] [id=6916]

VM state:at safepoint (normal execution)

VM Mutex/Monitor currently owned by a thread:  ([mutex/lock_event])
[0x0138a760] Threads_lock - owner thread: 0x17a12400

Heap
 def new generation   total 8192K, used 445K [0x03a00000, 0x042e0000, 0x08f50000)
  eden space 7296K,   6% used [0x03a00000, 0x03a6f4e0, 0x04120000)
  from space 896K,   0% used [0x04120000, 0x04120000, 0x04200000)
  to   space 896K,   0% used [0x04200000, 0x04200000, 0x042e0000)
 tenured generation   total 18104K, used 10862K [0x08f50000, 0x0a0fe000, 0x13a00000)
   the space 18104K,  59% used [0x08f50000, 0x099eb980, 0x099eba00, 0x0a0fe000)
 compacting perm gen  total 12288K, used 11634K [0x13a00000, 0x14600000, 0x17a00000)
   the space 12288K,  94% used [0x13a00000, 0x1455c930, 0x1455ca00, 0x14600000)
No shared spaces configured.

Card table byte_map: [0x03870000,0x03920000] byte_map_base: 0x03853000

Polling page: 0x000a0000

Code Cache  [0x01870000, 0x01c48000, 0x03870000)
 total_blobs=2060 nmethods=1900 adapters=104 free_code_cache=28853Kb largest_free_block=29543168

Compilation events (10 events):
Event: 10.985 Thread 0x17a98800 1924             java.util.concurrent.ConcurrentHashMap$HashIterator::nextEntry (40 bytes)
Event: 10.985 Thread 0x17a98800 nmethod 1924 0x01c41f08 code [0x01c42020, 0x01c42178]
Event: 10.985 Thread 0x17a98800 1925             org.eclipse.sisu.inject.MildValues::values (71 bytes)
Event: 10.986 Thread 0x17a98800 nmethod 1925 0x01c42288 code [0x01c42400, 0x01c426e4]
Event: 10.986 Thread 0x17a98800 1926             org.eclipse.sisu.inject.RankedSequence$Content::<init> (20 bytes)
Event: 10.986 Thread 0x17a98800 nmethod 1926 0x01c42a88 code [0x01c42b80, 0x01c42c20]
Event: 10.986 Thread 0x17a98800 1927             org.eclipse.sisu.inject.RankedSequence$Content::indexOf (34 bytes)
Event: 10.986 Thread 0x17a98800 nmethod 1927 0x01c42c88 code [0x01c42da0, 0x01c42ebc]
Event: 10.986 Thread 0x17a98800 1928             org.eclipse.sisu.inject.MildElements::compact (21 bytes)
Event: 10.986 Thread 0x17a98800 nmethod 1928 0x01c42fc8 code [0x01c430f0, 0x01c43378]

GC Heap History (10 events):
Event: 10.402 GC heap before
{Heap before GC invocations=106 (full 1):
 def new generation   total 7488K, used 6818K [0x03a00000, 0x04220000, 0x08f50000)
  eden space 6656K, 100% used [0x03a00000, 0x04080000, 0x04080000)
  from space 832K,  19% used [0x04080000, 0x040a8a98, 0x04150000)
  to   space 832K,   0% used [0x04150000, 0x04150000, 0x04220000)
 tenured generation   total 16532K, used 14675K [0x08f50000, 0x09f75000, 0x13a00000)
   the space 16532K,  88% used [0x08f50000, 0x09da4c20, 0x09da4e00, 0x09f75000)
 compacting perm gen  total 12288K, used 11628K [0x13a00000, 0x14600000, 0x17a00000)
   the space 12288K,  94% used [0x13a00000, 0x1455b328, 0x1455b400, 0x14600000)
No shared spaces configured.
Event: 10.404 GC heap after
Heap after GC invocations=107 (full 1):
 def new generation   total 7488K, used 194K [0x03a00000, 0x04220000, 0x08f50000)
  eden space 6656K,   0% used [0x03a00000, 0x03a00000, 0x04080000)
  from space 832K,  23% used [0x04150000, 0x04180988, 0x04220000)
  to   space 832K,   0% used [0x04080000, 0x04080000, 0x04150000)
 tenured generation   total 16532K, used 14675K [0x08f50000, 0x09f75000, 0x13a00000)
   the space 16532K,  88% used [0x08f50000, 0x09da4c20, 0x09da4e00, 0x09f75000)
 compacting perm gen  total 12288K, used 11628K [0x13a00000, 0x14600000, 0x17a00000)
   the space 12288K,  94% used [0x13a00000, 0x1455b328, 0x1455b400, 0x14600000)
No shared spaces configured.
}
Event: 10.605 GC heap before
{Heap before GC invocations=107 (full 1):
 def new generation   total 7488K, used 6850K [0x03a00000, 0x04220000, 0x08f50000)
  eden space 6656K, 100% used [0x03a00000, 0x04080000, 0x04080000)
  from space 832K,  23% used [0x04150000, 0x04180988, 0x04220000)
  to   space 832K,   0% used [0x04080000, 0x04080000, 0x04150000)
 tenured generation   total 16532K, used 14675K [0x08f50000, 0x09f75000, 0x13a00000)
   the space 16532K,  88% used [0x08f50000, 0x09da4c20, 0x09da4e00, 0x09f75000)
 compacting perm gen  total 12288K, used 11628K [0x13a00000, 0x14600000, 0x17a00000)
   the space 12288K,  94% used [0x13a00000, 0x1455b358, 0x1455b400, 0x14600000)
No shared spaces configured.
Event: 10.607 GC heap after
Heap after GC invocations=108 (full 1):
 def new generation   total 7488K, used 233K [0x03a00000, 0x04220000, 0x08f50000)
  eden space 6656K,   0% used [0x03a00000, 0x03a00000, 0x04080000)
  from space 832K,  28% used [0x04080000, 0x040ba558, 0x04150000)
  to   space 832K,   0% used [0x04150000, 0x04150000, 0x04220000)
 tenured generation   total 16532K, used 14675K [0x08f50000, 0x09f75000, 0x13a00000)
   the space 16532K,  88% used [0x08f50000, 0x09da4c20, 0x09da4e00, 0x09f75000)
 compacting perm gen  total 12288K, used 11628K [0x13a00000, 0x14600000, 0x17a00000)
   the space 12288K,  94% used [0x13a00000, 0x1455b358, 0x1455b400, 0x14600000)
No shared spaces configured.
}
Event: 10.740 GC heap before
{Heap before GC invocations=108 (full 1):
 def new generation   total 7488K, used 6889K [0x03a00000, 0x04220000, 0x08f50000)
  eden space 6656K, 100% used [0x03a00000, 0x04080000, 0x04080000)
  from space 832K,  28% used [0x04080000, 0x040ba558, 0x04150000)
  to   space 832K,   0% used [0x04150000, 0x04150000, 0x04220000)
 tenured generation   total 16532K, used 14675K [0x08f50000, 0x09f75000, 0x13a00000)
   the space 16532K,  88% used [0x08f50000, 0x09da4c20, 0x09da4e00, 0x09f75000)
 compacting perm gen  total 12288K, used 11628K [0x13a00000, 0x14600000, 0x17a00000)
   the space 12288K,  94% used [0x13a00000, 0x1455b3a8, 0x1455b400, 0x14600000)
No shared spaces configured.
Event: 10.741 GC heap after
Heap after GC invocations=109 (full 1):
 def new generation   total 7488K, used 263K [0x03a00000, 0x04220000, 0x08f50000)
  eden space 6656K,   0% used [0x03a00000, 0x03a00000, 0x04080000)
  from space 832K,  31% used [0x04150000, 0x04191fd8, 0x04220000)
  to   space 832K,   0% used [0x04080000, 0x04080000, 0x04150000)
 tenured generation   total 16532K, used 14675K [0x08f50000, 0x09f75000, 0x13a00000)
   the space 16532K,  88% used [0x08f50000, 0x09da4c20, 0x09da4e00, 0x09f75000)
 compacting perm gen  total 12288K, used 11628K [0x13a00000, 0x14600000, 0x17a00000)
   the space 12288K,  94% used [0x13a00000, 0x1455b3a8, 0x1455b400, 0x14600000)
No shared spaces configured.
}
Event: 10.882 GC heap before
{Heap before GC invocations=109 (full 1):
 def new generation   total 7488K, used 6919K [0x03a00000, 0x04220000, 0x08f50000)
  eden space 6656K, 100% used [0x03a00000, 0x04080000, 0x04080000)
  from space 832K,  31% used [0x04150000, 0x04191fd8, 0x04220000)
  to   space 832K,   0% used [0x04080000, 0x04080000, 0x04150000)
 tenured generation   total 16532K, used 14675K [0x08f50000, 0x09f75000, 0x13a00000)
   the space 16532K,  88% used [0x08f50000, 0x09da4c20, 0x09da4e00, 0x09f75000)
 compacting perm gen  total 12288K, used 11628K [0x13a00000, 0x14600000, 0x17a00000)
   the space 12288K,  94% used [0x13a00000, 0x1455b3a8, 0x1455b400, 0x14600000)
No shared spaces configured.
Event: 10.883 GC heap after
Heap after GC invocations=110 (full 1):
 def new generation   total 7488K, used 288K [0x03a00000, 0x04220000, 0x08f50000)
  eden space 6656K,   0% used [0x03a00000, 0x03a00000, 0x04080000)
  from space 832K,  34% used [0x04080000, 0x040c8178, 0x04150000)
  to   space 832K,   0% used [0x04150000, 0x04150000, 0x04220000)
 tenured generation   total 16532K, used 14675K [0x08f50000, 0x09f75000, 0x13a00000)
   the space 16532K,  88% used [0x08f50000, 0x09da4c20, 0x09da4e00, 0x09f75000)
 compacting perm gen  total 12288K, used 11628K [0x13a00000, 0x14600000, 0x17a00000)
   the space 12288K,  94% used [0x13a00000, 0x1455b3a8, 0x1455b400, 0x14600000)
No shared spaces configured.
}
Event: 10.918 GC heap before
{Heap before GC invocations=110 (full 1):
 def new generation   total 7488K, used 1416K [0x03a00000, 0x04220000, 0x08f50000)
  eden space 6656K,  16% used [0x03a00000, 0x03b1a020, 0x04080000)
  from space 832K,  34% used [0x04080000, 0x040c8178, 0x04150000)
  to   space 832K,   0% used [0x04150000, 0x04150000, 0x04220000)
 tenured generation   total 16532K, used 14675K [0x08f50000, 0x09f75000, 0x13a00000)
   the space 16532K,  88% used [0x08f50000, 0x09da4c20, 0x09da4e00, 0x09f75000)
 compacting perm gen  total 12288K, used 11628K [0x13a00000, 0x14600000, 0x17a00000)
   the space 12288K,  94% used [0x13a00000, 0x1455b3a8, 0x1455b400, 0x14600000)
No shared spaces configured.
Event: 10.974 GC heap after
Heap after GC invocations=111 (full 2):
 def new generation   total 8192K, used 0K [0x03a00000, 0x042e0000, 0x08f50000)
  eden space 7296K,   0% used [0x03a00000, 0x03a00000, 0x04120000)
  from space 896K,   0% used [0x04120000, 0x04120000, 0x04200000)
  to   space 896K,   0% used [0x04200000, 0x04200000, 0x042e0000)
 tenured generation   total 18104K, used 10862K [0x08f50000, 0x0a0fe000, 0x13a00000)
   the space 18104K,  59% used [0x08f50000, 0x099eb980, 0x099eba00, 0x0a0fe000)
 compacting perm gen  total 12288K, used 11628K [0x13a00000, 0x14600000, 0x17a00000)
   the space 12288K,  94% used [0x13a00000, 0x1455b3a8, 0x1455b400, 0x14600000)
No shared spaces configured.
}

Deoptimization events (0 events):
No events

Internal exceptions (10 events):
Event: 10.745 Thread 0x0138c400 Threw 0x03a3d0c0 at C:\re\jdk7u67\1368\hotspot\src\share\vm\runtime\sharedRuntime.cpp:591
Event: 10.746 Thread 0x0138c400 Threw 0x03a52b30 at C:\re\jdk7u67\1368\hotspot\src\share\vm\runtime\sharedRuntime.cpp:591
Event: 10.746 Thread 0x0138c400 Threw 0x03a6e5a0 at C:\re\jdk7u67\1368\hotspot\src\share\vm\runtime\sharedRuntime.cpp:591
Event: 10.867 Thread 0x0138c400 Threw 0x03d3fe08 at C:\re\jdk7u67\1368\hotspot\src\share\vm\runtime\sharedRuntime.cpp:591
Event: 10.875 Thread 0x0138c400 Threw 0x03e95e58 at C:\re\jdk7u67\1368\hotspot\src\share\vm\runtime\sharedRuntime.cpp:591
Event: 10.877 Thread 0x0138c400 Threw 0x03f1f190 at C:\re\jdk7u67\1368\hotspot\src\share\vm\runtime\sharedRuntime.cpp:591
Event: 10.877 Thread 0x0138c400 Threw 0x03f2e3e0 at C:\re\jdk7u67\1368\hotspot\src\share\vm\runtime\sharedRuntime.cpp:591
Event: 10.877 Thread 0x0138c400 Threw 0x03f35d18 at C:\re\jdk7u67\1368\hotspot\src\share\vm\runtime\sharedRuntime.cpp:591
Event: 10.982 Thread 0x0138c400 Threw 0x03a053d0 at C:\re\jdk7u67\1368\hotspot\src\share\vm\prims\jvm.cpp:1244
Event: 10.982 Thread 0x0138c400 Threw 0x03a05988 at C:\re\jdk7u67\1368\hotspot\src\share\vm\prims\jvm.cpp:1244

Events (10 events):
Event: 10.982 Thread 0x0138c400 DEOPT PACKING pc=0x0199711c sp=0x011aec10
Event: 10.982 Thread 0x0138c400 DEOPT UNPACKING pc=0x0189dfce sp=0x011aeb40 mode 1
Event: 10.982 Thread 0x0138c400 DEOPT PACKING pc=0x01a59984 sp=0x011aec60
Event: 10.982 Thread 0x0138c400 DEOPT UNPACKING pc=0x0189dfce sp=0x011aeb00 mode 1
Event: 10.982 Thread 0x0138c400 DEOPT PACKING pc=0x01b5dd98 sp=0x011aed00
Event: 10.982 Thread 0x0138c400 DEOPT UNPACKING pc=0x0189dfce sp=0x011aeb5c mode 1
Event: 10.988 Thread 0x17ae0000 Thread added: 0x17ae0000
Event: 10.988 Thread 0x17ae0000 Thread exited: 0x17ae0000
Event: 10.988 Thread 0x17a45000 Thread exited: 0x17a45000
Event: 10.988 Executing VM operation: Exit


Dynamic libraries:
0x013b0000 - 0x013df000 	C:\java\jdk1.7.0_67\bin\javaw.exe
0x77700000 - 0x7783c000 	C:\Windows\SYSTEM32\ntdll.dll
0x75c00000 - 0x75cd4000 	C:\Windows\system32\kernel32.dll
0x758e0000 - 0x7592b000 	C:\Windows\system32\KERNELBASE.dll
0x75b60000 - 0x75c00000 	C:\Windows\system32\ADVAPI32.dll
0x761d0000 - 0x7627c000 	C:\Windows\system32\msvcrt.dll
0x75f20000 - 0x75f39000 	C:\Windows\SYSTEM32\sechost.dll
0x76690000 - 0x76732000 	C:\Windows\system32\RPCRT4.dll
0x77860000 - 0x77929000 	C:\Windows\system32\USER32.dll
0x75ce0000 - 0x75d2e000 	C:\Windows\system32\GDI32.dll
0x767c0000 - 0x767ca000 	C:\Windows\system32\LPK.dll
0x765f0000 - 0x7668d000 	C:\Windows\system32\USP10.dll
0x74790000 - 0x7492e000 	C:\Windows\WinSxS\x86_microsoft.windows.common-controls_6595b64144ccf1df_6.0.7601.17514_none_41e6975e2bd6f2b2\COMCTL32.dll
0x763d0000 - 0x76427000 	C:\Windows\system32\SHLWAPI.dll
0x77840000 - 0x7785f000 	C:\Windows\system32\IMM32.DLL
0x76520000 - 0x765ec000 	C:\Windows\system32\MSCTF.dll
0x62010000 - 0x620cf000 	C:\java\jdk1.7.0_67\jre\bin\msvcr100.dll
0x62590000 - 0x62918000 	C:\java\jdk1.7.0_67\jre\bin\client\jvm.dll
0x713f0000 - 0x713f7000 	C:\Windows\system32\WSOCK32.dll
0x75f40000 - 0x75f75000 	C:\Windows\system32\WS2_32.dll
0x761c0000 - 0x761c6000 	C:\Windows\system32\NSI.dll
0x73f80000 - 0x73fb2000 	C:\Windows\system32\WINMM.dll
0x75b50000 - 0x75b55000 	C:\Windows\system32\PSAPI.DLL
0x744e0000 - 0x744ec000 	C:\java\jdk1.7.0_67\jre\bin\verify.dll
0x73d50000 - 0x73d70000 	C:\java\jdk1.7.0_67\jre\bin\java.dll
0x64780000 - 0x647aa000 	C:\java\jdk1.7.0_67\jre\bin\jdwp.dll
0x74780000 - 0x74787000 	C:\java\jdk1.7.0_67\jre\bin\npt.dll
0x6c8a0000 - 0x6c8c0000 	C:\java\jdk1.7.0_67\jre\bin\instrument.dll
0x69e60000 - 0x69e73000 	C:\java\jdk1.7.0_67\jre\bin\zip.dll
0x73d70000 - 0x73d78000 	C:\java\jdk1.7.0_67\jre\bin\dt_socket.dll
0x74500000 - 0x74510000 	C:\Windows\system32\NLAapi.dll
0x70ef0000 - 0x70f00000 	C:\Windows\system32\napinsp.dll
0x75270000 - 0x752ac000 	C:\Windows\System32\mswsock.dll
0x75130000 - 0x75174000 	C:\Windows\system32\DNSAPI.dll
0x70ee0000 - 0x70ee8000 	C:\Windows\System32\winrnr.dll
0x73a30000 - 0x73a4c000 	C:\Windows\system32\IPHLPAPI.DLL
0x73a20000 - 0x73a27000 	C:\Windows\system32\WINNSI.DLL
0x73510000 - 0x73548000 	C:\Windows\System32\fwpuclnt.dll
0x70ed0000 - 0x70ed6000 	C:\Windows\system32\rasadhlp.dll
0x74d90000 - 0x74d95000 	C:\Windows\System32\wshtcpip.dll
0x69160000 - 0x69174000 	C:\java\jdk1.7.0_67\jre\bin\net.dll
0x75260000 - 0x75266000 	C:\Windows\System32\wship6.dll
0x6c530000 - 0x6c53f000 	C:\java\jdk1.7.0_67\jre\bin\nio.dll
0x70de0000 - 0x70ecb000 	C:\Windows\system32\dbghelp.dll

VM Arguments:
jvm_args: -agentlib:jdwp=transport=dt_socket,suspend=y,address=localhost:49283 -Dmaven.home=EMBEDDED -Dclassworlds.conf=D:\data\workspace\.metadata\.plugins\org.eclipse.m2e.launching\launches\m2conf9011344189252725558.tmp -javaagent:C:\java\eclipse\plugins\com.ifedorenko.m2e.sourcelookup_1.1.0.201409041614\com.ifedorenko.m2e.sourcelookup.javaagent.jar -Dfile.encoding=UTF-8 
java_command: org.codehaus.plexus.classworlds.launcher.Launcher -B -s C:\java\eclipse\configuration\.settings\maven-settings.xml source:jar install -Dmaven.test.skip=true
Launcher Type: SUN_STANDARD

Environment Variables:
JAVA_HOME=C:\java\jdk1.7.0_67
PATH=C:/java/jdk1.7.0_67/jre/bin/client;C:/java/jdk1.7.0_67/jre/bin;C:/java/jdk1.7.0_67/jre/lib/i386;C:\java\jdk1.7.0_67;C:\java\jdk1.7.0_67\jre\bin;c:\oracle\product\11.2.0\dbhome_1\bin;C:\Windows\system32;C:\Windows;C:\Windows\System32\Wbem;C:\Windows\System32\WindowsPowerShell\v1.0\;C:\Program Files\Intel\OpenCL SDK\2.0\bin\x86;C:\Program Files\SSH Communications Security\SSH Secure Shell;C:\java\eclipse;
USERNAME=Administrator
OS=Windows_NT
PROCESSOR_IDENTIFIER=x86 Family 6 Model 42 Stepping 7, GenuineIntel



---------------  S Y S T E M  ---------------

OS: Windows 7 Build 7601 Service Pack 1

CPU:total 4 (2 cores per cpu, 2 threads per core) family 6 model 42 stepping 7, cmov, cx8, fxsr, mmx, sse, sse2, sse3, ssse3, sse4.1, sse4.2, popcnt, avx, aes, ht, tsc, tscinvbit

Memory: 4k page, physical 3581168k(570128k free), swap 7160588k(3411428k free)

vm_info: Java HotSpot(TM) Client VM (24.65-b04) for windows-x86 JRE (1.7.0_67-b01), built on Jul 25 2014 10:20:53 by "java_re" with unknown MS VC++:1600

time: Fri Apr 24 12:58:02 2015
elapsed time: 11 seconds

